[0.087s] DEBUG:colcon:Command line arguments: ['/usr/bin/colcon', 'build']
[0.087s] DEBUG:colcon:Parsed command line arguments: Namespace(log_base=None, log_level=None, verb_name='build', build_base='build', install_base='install', merge_install=False, symlink_install=False, test_result_base=None, continue_on_error=False, executor='parallel', parallel_workers=16, event_handlers=None, ignore_user_meta=False, metas=['./colcon.meta'], base_paths=['.'], packages_ignore=None, packages_ignore_regex=None, paths=None, packages_up_to=None, packages_up_to_regex=None, packages_above=None, packages_above_and_dependencies=None, packages_above_depth=None, packages_select_by_dep=None, packages_skip_by_dep=None, packages_skip_up_to=None, packages_select_build_failed=False, packages_skip_build_finished=False, packages_select_test_failures=False, packages_skip_test_passed=False, packages_select=None, packages_skip=None, packages_select_regex=None, packages_skip_regex=None, packages_start=None, packages_end=None, allow_overriding=[], cmake_args=None, cmake_target=None, cmake_target_skip_unavailable=False, cmake_clean_cache=False, cmake_clean_first=False, cmake_force_configure=False, ament_cmake_args=None, catkin_cmake_args=None, catkin_skip_building_tests=False, verb_parser=<colcon_defaults.argument_parser.defaults.DefaultArgumentsDecorator object at 0x7f050ad3c2e0>, verb_extension=<colcon_core.verb.build.BuildVerb object at 0x7f050ae3cee0>, main=<bound method BuildVerb.main of <colcon_core.verb.build.BuildVerb object at 0x7f050ae3cee0>>)
[0.219s] Level 1:colcon.colcon_core.package_discovery:discover_packages(colcon_meta) check parameters
[0.219s] Level 1:colcon.colcon_core.package_discovery:discover_packages(recursive) check parameters
[0.219s] Level 1:colcon.colcon_core.package_discovery:discover_packages(ignore) check parameters
[0.219s] Level 1:colcon.colcon_core.package_discovery:discover_packages(path) check parameters
[0.219s] Level 1:colcon.colcon_core.package_discovery:discover_packages(colcon_meta) discover
[0.219s] Level 1:colcon.colcon_core.package_discovery:discover_packages(recursive) discover
[0.219s] INFO:colcon.colcon_core.package_discovery:Crawling recursively for packages in '/home/cobaltboy/ROS2/ROS_Task_InterIIT_Tech'
[0.219s] Level 1:colcon.colcon_core.package_identification:_identify(.) by extensions ['ignore', 'ignore_ament_install']
[0.219s] Level 1:colcon.colcon_core.package_identification:_identify(.) by extension 'ignore'
[0.219s] Level 1:colcon.colcon_core.package_identification:_identify(.) by extension 'ignore_ament_install'
[0.219s] Level 1:colcon.colcon_core.package_identification:_identify(.) by extensions ['colcon_pkg']
[0.219s] Level 1:colcon.colcon_core.package_identification:_identify(.) by extension 'colcon_pkg'
[0.219s] Level 1:colcon.colcon_core.package_identification:_identify(.) by extensions ['colcon_meta']
[0.219s] Level 1:colcon.colcon_core.package_identification:_identify(.) by extension 'colcon_meta'
[0.219s] Level 1:colcon.colcon_core.package_identification:_identify(.) by extensions ['ros']
[0.220s] Level 1:colcon.colcon_core.package_identification:_identify(.) by extension 'ros'
[0.229s] Level 1:colcon.colcon_core.package_identification:_identify(.) by extensions ['cmake', 'python']
[0.229s] Level 1:colcon.colcon_core.package_identification:_identify(.) by extension 'cmake'
[0.229s] Level 1:colcon.colcon_core.package_identification:_identify(.) by extension 'python'
[0.229s] Level 1:colcon.colcon_core.package_identification:_identify(.) by extensions ['python_setup_py']
[0.229s] Level 1:colcon.colcon_core.package_identification:_identify(.) by extension 'python_setup_py'
[0.229s] Level 1:colcon.colcon_core.package_identification:_identify(build) by extensions ['ignore', 'ignore_ament_install']
[0.229s] Level 1:colcon.colcon_core.package_identification:_identify(build) by extension 'ignore'
[0.229s] Level 1:colcon.colcon_core.package_identification:_identify(build) ignored
[0.229s] Level 1:colcon.colcon_core.package_identification:_identify(install) by extensions ['ignore', 'ignore_ament_install']
[0.229s] Level 1:colcon.colcon_core.package_identification:_identify(install) by extension 'ignore'
[0.229s] Level 1:colcon.colcon_core.package_identification:_identify(install) ignored
[0.229s] Level 1:colcon.colcon_core.package_identification:_identify(log) by extensions ['ignore', 'ignore_ament_install']
[0.229s] Level 1:colcon.colcon_core.package_identification:_identify(log) by extension 'ignore'
[0.229s] Level 1:colcon.colcon_core.package_identification:_identify(log) ignored
[0.229s] Level 1:colcon.colcon_core.package_identification:_identify(src) by extensions ['ignore', 'ignore_ament_install']
[0.230s] Level 1:colcon.colcon_core.package_identification:_identify(src) by extension 'ignore'
[0.230s] Level 1:colcon.colcon_core.package_identification:_identify(src) by extension 'ignore_ament_install'
[0.230s] Level 1:colcon.colcon_core.package_identification:_identify(src) by extensions ['colcon_pkg']
[0.230s] Level 1:colcon.colcon_core.package_identification:_identify(src) by extension 'colcon_pkg'
[0.230s] Level 1:colcon.colcon_core.package_identification:_identify(src) by extensions ['colcon_meta']
[0.230s] Level 1:colcon.colcon_core.package_identification:_identify(src) by extension 'colcon_meta'
[0.230s] Level 1:colcon.colcon_core.package_identification:_identify(src) by extensions ['ros']
[0.230s] Level 1:colcon.colcon_core.package_identification:_identify(src) by extension 'ros'
[0.230s] Level 1:colcon.colcon_core.package_identification:_identify(src) by extensions ['cmake', 'python']
[0.230s] Level 1:colcon.colcon_core.package_identification:_identify(src) by extension 'cmake'
[0.230s] Level 1:colcon.colcon_core.package_identification:_identify(src) by extension 'python'
[0.230s] Level 1:colcon.colcon_core.package_identification:_identify(src) by extensions ['python_setup_py']
[0.230s] Level 1:colcon.colcon_core.package_identification:_identify(src) by extension 'python_setup_py'
[0.230s] Level 1:colcon.colcon_core.package_identification:_identify(src/motor_controller) by extensions ['ignore', 'ignore_ament_install']
[0.230s] Level 1:colcon.colcon_core.package_identification:_identify(src/motor_controller) by extension 'ignore'
[0.230s] Level 1:colcon.colcon_core.package_identification:_identify(src/motor_controller) by extension 'ignore_ament_install'
[0.230s] Level 1:colcon.colcon_core.package_identification:_identify(src/motor_controller) by extensions ['colcon_pkg']
[0.230s] Level 1:colcon.colcon_core.package_identification:_identify(src/motor_controller) by extension 'colcon_pkg'
[0.230s] Level 1:colcon.colcon_core.package_identification:_identify(src/motor_controller) by extensions ['colcon_meta']
[0.230s] Level 1:colcon.colcon_core.package_identification:_identify(src/motor_controller) by extension 'colcon_meta'
[0.230s] Level 1:colcon.colcon_core.package_identification:_identify(src/motor_controller) by extensions ['ros']
[0.230s] Level 1:colcon.colcon_core.package_identification:_identify(src/motor_controller) by extension 'ros'
[0.232s] DEBUG:colcon.colcon_core.package_identification:Package 'src/motor_controller' with type 'ros.ament_python' and name 'motor_controller'
[0.233s] Level 1:colcon.colcon_core.package_identification:_identify(src/teleop_twist_keyboard) by extensions ['ignore', 'ignore_ament_install']
[0.233s] Level 1:colcon.colcon_core.package_identification:_identify(src/teleop_twist_keyboard) by extension 'ignore'
[0.233s] Level 1:colcon.colcon_core.package_identification:_identify(src/teleop_twist_keyboard) by extension 'ignore_ament_install'
[0.233s] Level 1:colcon.colcon_core.package_identification:_identify(src/teleop_twist_keyboard) by extensions ['colcon_pkg']
[0.233s] Level 1:colcon.colcon_core.package_identification:_identify(src/teleop_twist_keyboard) by extension 'colcon_pkg'
[0.233s] Level 1:colcon.colcon_core.package_identification:_identify(src/teleop_twist_keyboard) by extensions ['colcon_meta']
[0.233s] Level 1:colcon.colcon_core.package_identification:_identify(src/teleop_twist_keyboard) by extension 'colcon_meta'
[0.233s] Level 1:colcon.colcon_core.package_identification:_identify(src/teleop_twist_keyboard) by extensions ['ros']
[0.233s] Level 1:colcon.colcon_core.package_identification:_identify(src/teleop_twist_keyboard) by extension 'ros'
[0.233s] DEBUG:colcon.colcon_core.package_identification:Package 'src/teleop_twist_keyboard' with type 'ros.ament_python' and name 'teleop_twist_keyboard'
[0.233s] Level 1:colcon.colcon_core.package_discovery:discover_packages(recursive) using defaults
[0.234s] Level 1:colcon.colcon_core.package_discovery:discover_packages(ignore) discover
[0.234s] Level 1:colcon.colcon_core.package_discovery:discover_packages(ignore) using defaults
[0.234s] Level 1:colcon.colcon_core.package_discovery:discover_packages(path) discover
[0.234s] Level 1:colcon.colcon_core.package_discovery:discover_packages(path) using defaults
[0.249s] Level 1:colcon.colcon_core.package_discovery:discover_packages(prefix_path) check parameters
[0.249s] Level 1:colcon.colcon_core.package_discovery:discover_packages(prefix_path) discover
[0.251s] DEBUG:colcon.colcon_installed_package_information.package_discovery:Found 2 installed packages in /home/cobaltboy/ROS2/ROS_Task_InterIIT_Tech/install
[0.251s] DEBUG:colcon.colcon_installed_package_information.package_discovery:Found 1 installed packages in /home/cobaltboy/ROS2/ROS2_First/install
[0.253s] DEBUG:colcon.colcon_installed_package_information.package_discovery:Found 294 installed packages in /opt/ros/humble
[0.266s] Level 1:colcon.colcon_core.package_discovery:discover_packages(prefix_path) using defaults
[0.296s] WARNING:colcon.colcon_core.package_selection:Some selected packages are already built in one or more underlay workspaces:
	'teleop_twist_keyboard' is in: /opt/ros/humble, /home/cobaltboy/ROS2/ROS_Task_InterIIT_Tech/install/teleop_twist_keyboard
If a package in a merged underlay workspace is overridden and it installs headers, then all packages in the overlay must sort their include directories by workspace order. Failure to do so may result in build failures or undefined behavior at run time.
If the overridden package is used by another package in any underlay, then the overriding package in the overlay must be API and ABI compatible or undefined behavior at run time may occur.

If you understand the risks and want to override a package anyways, add the following to the command line:
	--allow-overriding teleop_twist_keyboard

This may be promoted to an error in a future release of colcon-override-check.
[0.297s] Level 5:colcon.colcon_core.verb:set package 'motor_controller' build argument 'cmake_args' from command line to 'None'
[0.297s] Level 5:colcon.colcon_core.verb:set package 'motor_controller' build argument 'cmake_target' from command line to 'None'
[0.297s] Level 5:colcon.colcon_core.verb:set package 'motor_controller' build argument 'cmake_target_skip_unavailable' from command line to 'False'
[0.297s] Level 5:colcon.colcon_core.verb:set package 'motor_controller' build argument 'cmake_clean_cache' from command line to 'False'
[0.297s] Level 5:colcon.colcon_core.verb:set package 'motor_controller' build argument 'cmake_clean_first' from command line to 'False'
[0.297s] Level 5:colcon.colcon_core.verb:set package 'motor_controller' build argument 'cmake_force_configure' from command line to 'False'
[0.297s] Level 5:colcon.colcon_core.verb:set package 'motor_controller' build argument 'ament_cmake_args' from command line to 'None'
[0.297s] Level 5:colcon.colcon_core.verb:set package 'motor_controller' build argument 'catkin_cmake_args' from command line to 'None'
[0.297s] Level 5:colcon.colcon_core.verb:set package 'motor_controller' build argument 'catkin_skip_building_tests' from command line to 'False'
[0.297s] DEBUG:colcon.colcon_core.verb:Building package 'motor_controller' with the following arguments: {'ament_cmake_args': None, 'build_base': '/home/cobaltboy/ROS2/ROS_Task_InterIIT_Tech/build/motor_controller', 'catkin_cmake_args': None, 'catkin_skip_building_tests': False, 'cmake_args': None, 'cmake_clean_cache': False, 'cmake_clean_first': False, 'cmake_force_configure': False, 'cmake_target': None, 'cmake_target_skip_unavailable': False, 'install_base': '/home/cobaltboy/ROS2/ROS_Task_InterIIT_Tech/install/motor_controller', 'merge_install': False, 'path': '/home/cobaltboy/ROS2/ROS_Task_InterIIT_Tech/src/motor_controller', 'symlink_install': False, 'test_result_base': None}
[0.298s] Level 5:colcon.colcon_core.verb:set package 'teleop_twist_keyboard' build argument 'cmake_args' from command line to 'None'
[0.298s] Level 5:colcon.colcon_core.verb:set package 'teleop_twist_keyboard' build argument 'cmake_target' from command line to 'None'
[0.298s] Level 5:colcon.colcon_core.verb:set package 'teleop_twist_keyboard' build argument 'cmake_target_skip_unavailable' from command line to 'False'
[0.298s] Level 5:colcon.colcon_core.verb:set package 'teleop_twist_keyboard' build argument 'cmake_clean_cache' from command line to 'False'
[0.298s] Level 5:colcon.colcon_core.verb:set package 'teleop_twist_keyboard' build argument 'cmake_clean_first' from command line to 'False'
[0.298s] Level 5:colcon.colcon_core.verb:set package 'teleop_twist_keyboard' build argument 'cmake_force_configure' from command line to 'False'
[0.298s] Level 5:colcon.colcon_core.verb:set package 'teleop_twist_keyboard' build argument 'ament_cmake_args' from command line to 'None'
[0.298s] Level 5:colcon.colcon_core.verb:set package 'teleop_twist_keyboard' build argument 'catkin_cmake_args' from command line to 'None'
[0.298s] Level 5:colcon.colcon_core.verb:set package 'teleop_twist_keyboard' build argument 'catkin_skip_building_tests' from command line to 'False'
[0.298s] DEBUG:colcon.colcon_core.verb:Building package 'teleop_twist_keyboard' with the following arguments: {'ament_cmake_args': None, 'build_base': '/home/cobaltboy/ROS2/ROS_Task_InterIIT_Tech/build/teleop_twist_keyboard', 'catkin_cmake_args': None, 'catkin_skip_building_tests': False, 'cmake_args': None, 'cmake_clean_cache': False, 'cmake_clean_first': False, 'cmake_force_configure': False, 'cmake_target': None, 'cmake_target_skip_unavailable': False, 'install_base': '/home/cobaltboy/ROS2/ROS_Task_InterIIT_Tech/install/teleop_twist_keyboard', 'merge_install': False, 'path': '/home/cobaltboy/ROS2/ROS_Task_InterIIT_Tech/src/teleop_twist_keyboard', 'symlink_install': False, 'test_result_base': None}
[0.298s] INFO:colcon.colcon_core.executor:Executing jobs using 'parallel' executor
[0.299s] DEBUG:colcon.colcon_parallel_executor.executor.parallel:run_until_complete
[0.299s] INFO:colcon.colcon_ros.task.ament_python.build:Building ROS package in '/home/cobaltboy/ROS2/ROS_Task_InterIIT_Tech/src/motor_controller' with build type 'ament_python'
[0.299s] Level 1:colcon.colcon_core.shell:create_environment_hook('motor_controller', 'ament_prefix_path')
[0.301s] INFO:colcon.colcon_core.plugin_system:Skipping extension 'colcon_core.shell.bat': Not used on non-Windows systems
[0.301s] INFO:colcon.colcon_core.shell:Creating environment hook '/home/cobaltboy/ROS2/ROS_Task_InterIIT_Tech/install/motor_controller/share/motor_controller/hook/ament_prefix_path.ps1'
[0.302s] INFO:colcon.colcon_core.shell:Creating environment descriptor '/home/cobaltboy/ROS2/ROS_Task_InterIIT_Tech/install/motor_controller/share/motor_controller/hook/ament_prefix_path.dsv'
[0.302s] INFO:colcon.colcon_core.shell:Creating environment hook '/home/cobaltboy/ROS2/ROS_Task_InterIIT_Tech/install/motor_controller/share/motor_controller/hook/ament_prefix_path.sh'
[0.303s] INFO:colcon.colcon_core.shell:Skip shell extension 'powershell' for command environment: Not usable outside of PowerShell
[0.303s] DEBUG:colcon.colcon_core.shell:Skip shell extension 'dsv' for command environment
[0.307s] INFO:colcon.colcon_ros.task.ament_python.build:Building ROS package in '/home/cobaltboy/ROS2/ROS_Task_InterIIT_Tech/src/teleop_twist_keyboard' with build type 'ament_python'
[0.307s] Level 1:colcon.colcon_core.shell:create_environment_hook('teleop_twist_keyboard', 'ament_prefix_path')
[0.307s] INFO:colcon.colcon_core.shell:Creating environment hook '/home/cobaltboy/ROS2/ROS_Task_InterIIT_Tech/install/teleop_twist_keyboard/share/teleop_twist_keyboard/hook/ament_prefix_path.ps1'
[0.308s] INFO:colcon.colcon_core.shell:Creating environment descriptor '/home/cobaltboy/ROS2/ROS_Task_InterIIT_Tech/install/teleop_twist_keyboard/share/teleop_twist_keyboard/hook/ament_prefix_path.dsv'
[0.308s] INFO:colcon.colcon_core.shell:Creating environment hook '/home/cobaltboy/ROS2/ROS_Task_InterIIT_Tech/install/teleop_twist_keyboard/share/teleop_twist_keyboard/hook/ament_prefix_path.sh'
[0.309s] INFO:colcon.colcon_core.shell:Skip shell extension 'powershell' for command environment: Not usable outside of PowerShell
[0.309s] DEBUG:colcon.colcon_core.shell:Skip shell extension 'dsv' for command environment
[0.528s] INFO:colcon.colcon_core.task.python.build:Building Python package in '/home/cobaltboy/ROS2/ROS_Task_InterIIT_Tech/src/motor_controller'
[0.528s] INFO:colcon.colcon_core.shell:Skip shell extension 'powershell' for command environment: Not usable outside of PowerShell
[0.528s] DEBUG:colcon.colcon_core.shell:Skip shell extension 'dsv' for command environment
[0.745s] INFO:colcon.colcon_core.task.python.build:Building Python package in '/home/cobaltboy/ROS2/ROS_Task_InterIIT_Tech/src/teleop_twist_keyboard'
[0.746s] INFO:colcon.colcon_core.shell:Skip shell extension 'powershell' for command environment: Not usable outside of PowerShell
[0.746s] DEBUG:colcon.colcon_core.shell:Skip shell extension 'dsv' for command environment
[1.036s] DEBUG:colcon.colcon_core.event_handler.log_command:Invoking command in '/home/cobaltboy/ROS2/ROS_Task_InterIIT_Tech/src/motor_controller': PYTHONPATH=/home/cobaltboy/ROS2/ROS_Task_InterIIT_Tech/build/motor_controller/prefix_override:/usr/lib/python3/dist-packages/colcon_core/task/python/colcon_distutils_commands:/home/cobaltboy/ROS2/ROS_Task_InterIIT_Tech/install/motor_controller/lib/python3.10/site-packages:${PYTHONPATH} /usr/bin/python3 -W ignore:setup.py install is deprecated setup.py egg_info --egg-base ../../build/motor_controller build --build-base /home/cobaltboy/ROS2/ROS_Task_InterIIT_Tech/build/motor_controller/build install --record /home/cobaltboy/ROS2/ROS_Task_InterIIT_Tech/build/motor_controller/install.log --single-version-externally-managed install_data
[1.043s] DEBUG:colcon.colcon_core.event_handler.log_command:Invoking command in '/home/cobaltboy/ROS2/ROS_Task_InterIIT_Tech/src/teleop_twist_keyboard': PYTHONPATH=/home/cobaltboy/ROS2/ROS_Task_InterIIT_Tech/build/teleop_twist_keyboard/prefix_override:/usr/lib/python3/dist-packages/colcon_core/task/python/colcon_distutils_commands:/home/cobaltboy/ROS2/ROS_Task_InterIIT_Tech/install/teleop_twist_keyboard/lib/python3.10/site-packages:${PYTHONPATH} /usr/bin/python3 -W ignore:setup.py install is deprecated setup.py egg_info --egg-base ../../build/teleop_twist_keyboard build --build-base /home/cobaltboy/ROS2/ROS_Task_InterIIT_Tech/build/teleop_twist_keyboard/build install --record /home/cobaltboy/ROS2/ROS_Task_InterIIT_Tech/build/teleop_twist_keyboard/install.log --single-version-externally-managed install_data
[1.278s] DEBUG:colcon.colcon_core.event_handler.log_command:Invoked command in '/home/cobaltboy/ROS2/ROS_Task_InterIIT_Tech/src/motor_controller' returned '0': PYTHONPATH=/home/cobaltboy/ROS2/ROS_Task_InterIIT_Tech/build/motor_controller/prefix_override:/usr/lib/python3/dist-packages/colcon_core/task/python/colcon_distutils_commands:/home/cobaltboy/ROS2/ROS_Task_InterIIT_Tech/install/motor_controller/lib/python3.10/site-packages:${PYTHONPATH} /usr/bin/python3 -W ignore:setup.py install is deprecated setup.py egg_info --egg-base ../../build/motor_controller build --build-base /home/cobaltboy/ROS2/ROS_Task_InterIIT_Tech/build/motor_controller/build install --record /home/cobaltboy/ROS2/ROS_Task_InterIIT_Tech/build/motor_controller/install.log --single-version-externally-managed install_data
[1.280s] Level 1:colcon.colcon_core.environment:checking '/home/cobaltboy/ROS2/ROS_Task_InterIIT_Tech/install/motor_controller' for CMake module files
[1.280s] Level 1:colcon.colcon_core.environment:checking '/home/cobaltboy/ROS2/ROS_Task_InterIIT_Tech/install/motor_controller' for CMake config files
[1.281s] Level 1:colcon.colcon_core.environment:checking '/home/cobaltboy/ROS2/ROS_Task_InterIIT_Tech/install/motor_controller/lib'
[1.281s] Level 1:colcon.colcon_core.environment:checking '/home/cobaltboy/ROS2/ROS_Task_InterIIT_Tech/install/motor_controller/bin'
[1.281s] Level 1:colcon.colcon_core.environment:checking '/home/cobaltboy/ROS2/ROS_Task_InterIIT_Tech/install/motor_controller/lib/pkgconfig/motor_controller.pc'
[1.281s] Level 1:colcon.colcon_core.environment:checking '/home/cobaltboy/ROS2/ROS_Task_InterIIT_Tech/install/motor_controller/lib/python3.10/site-packages'
[1.281s] Level 1:colcon.colcon_core.shell:create_environment_hook('motor_controller', 'pythonpath')
[1.281s] INFO:colcon.colcon_core.shell:Creating environment hook '/home/cobaltboy/ROS2/ROS_Task_InterIIT_Tech/install/motor_controller/share/motor_controller/hook/pythonpath.ps1'
[1.282s] INFO:colcon.colcon_core.shell:Creating environment descriptor '/home/cobaltboy/ROS2/ROS_Task_InterIIT_Tech/install/motor_controller/share/motor_controller/hook/pythonpath.dsv'
[1.282s] INFO:colcon.colcon_core.shell:Creating environment hook '/home/cobaltboy/ROS2/ROS_Task_InterIIT_Tech/install/motor_controller/share/motor_controller/hook/pythonpath.sh'
[1.282s] Level 1:colcon.colcon_core.environment:checking '/home/cobaltboy/ROS2/ROS_Task_InterIIT_Tech/install/motor_controller/bin'
[1.282s] Level 1:colcon.colcon_core.environment:create_environment_scripts_only(motor_controller)
[1.283s] INFO:colcon.colcon_core.shell:Creating package script '/home/cobaltboy/ROS2/ROS_Task_InterIIT_Tech/install/motor_controller/share/motor_controller/package.ps1'
[1.283s] INFO:colcon.colcon_core.shell:Creating package descriptor '/home/cobaltboy/ROS2/ROS_Task_InterIIT_Tech/install/motor_controller/share/motor_controller/package.dsv'
[1.284s] INFO:colcon.colcon_core.shell:Creating package script '/home/cobaltboy/ROS2/ROS_Task_InterIIT_Tech/install/motor_controller/share/motor_controller/package.sh'
[1.284s] INFO:colcon.colcon_core.shell:Creating package script '/home/cobaltboy/ROS2/ROS_Task_InterIIT_Tech/install/motor_controller/share/motor_controller/package.bash'
[1.285s] INFO:colcon.colcon_core.shell:Creating package script '/home/cobaltboy/ROS2/ROS_Task_InterIIT_Tech/install/motor_controller/share/motor_controller/package.zsh'
[1.286s] Level 1:colcon.colcon_core.environment:create_file_with_runtime_dependencies(/home/cobaltboy/ROS2/ROS_Task_InterIIT_Tech/install/motor_controller/share/colcon-core/packages/motor_controller)
[1.288s] Level 1:colcon.colcon_core.environment:checking '/home/cobaltboy/ROS2/ROS_Task_InterIIT_Tech/install/teleop_twist_keyboard' for CMake module files
[1.289s] DEBUG:colcon.colcon_core.event_handler.log_command:Invoked command in '/home/cobaltboy/ROS2/ROS_Task_InterIIT_Tech/src/teleop_twist_keyboard' returned '0': PYTHONPATH=/home/cobaltboy/ROS2/ROS_Task_InterIIT_Tech/build/teleop_twist_keyboard/prefix_override:/usr/lib/python3/dist-packages/colcon_core/task/python/colcon_distutils_commands:/home/cobaltboy/ROS2/ROS_Task_InterIIT_Tech/install/teleop_twist_keyboard/lib/python3.10/site-packages:${PYTHONPATH} /usr/bin/python3 -W ignore:setup.py install is deprecated setup.py egg_info --egg-base ../../build/teleop_twist_keyboard build --build-base /home/cobaltboy/ROS2/ROS_Task_InterIIT_Tech/build/teleop_twist_keyboard/build install --record /home/cobaltboy/ROS2/ROS_Task_InterIIT_Tech/build/teleop_twist_keyboard/install.log --single-version-externally-managed install_data
[1.289s] Level 1:colcon.colcon_core.environment:checking '/home/cobaltboy/ROS2/ROS_Task_InterIIT_Tech/install/teleop_twist_keyboard' for CMake config files
[1.290s] Level 1:colcon.colcon_core.environment:checking '/home/cobaltboy/ROS2/ROS_Task_InterIIT_Tech/install/teleop_twist_keyboard/lib'
[1.290s] Level 1:colcon.colcon_core.environment:checking '/home/cobaltboy/ROS2/ROS_Task_InterIIT_Tech/install/teleop_twist_keyboard/bin'
[1.290s] Level 1:colcon.colcon_core.environment:checking '/home/cobaltboy/ROS2/ROS_Task_InterIIT_Tech/install/teleop_twist_keyboard/lib/pkgconfig/teleop_twist_keyboard.pc'
[1.290s] Level 1:colcon.colcon_core.environment:checking '/home/cobaltboy/ROS2/ROS_Task_InterIIT_Tech/install/teleop_twist_keyboard/lib/python3.10/site-packages'
[1.290s] Level 1:colcon.colcon_core.shell:create_environment_hook('teleop_twist_keyboard', 'pythonpath')
[1.290s] INFO:colcon.colcon_core.shell:Creating environment hook '/home/cobaltboy/ROS2/ROS_Task_InterIIT_Tech/install/teleop_twist_keyboard/share/teleop_twist_keyboard/hook/pythonpath.ps1'
[1.291s] INFO:colcon.colcon_core.shell:Creating environment descriptor '/home/cobaltboy/ROS2/ROS_Task_InterIIT_Tech/install/teleop_twist_keyboard/share/teleop_twist_keyboard/hook/pythonpath.dsv'
[1.291s] INFO:colcon.colcon_core.shell:Creating environment hook '/home/cobaltboy/ROS2/ROS_Task_InterIIT_Tech/install/teleop_twist_keyboard/share/teleop_twist_keyboard/hook/pythonpath.sh'
[1.291s] Level 1:colcon.colcon_core.environment:checking '/home/cobaltboy/ROS2/ROS_Task_InterIIT_Tech/install/teleop_twist_keyboard/bin'
[1.291s] Level 1:colcon.colcon_core.environment:create_environment_scripts_only(teleop_twist_keyboard)
[1.292s] INFO:colcon.colcon_core.shell:Creating package script '/home/cobaltboy/ROS2/ROS_Task_InterIIT_Tech/install/teleop_twist_keyboard/share/teleop_twist_keyboard/package.ps1'
[1.292s] INFO:colcon.colcon_core.shell:Creating package descriptor '/home/cobaltboy/ROS2/ROS_Task_InterIIT_Tech/install/teleop_twist_keyboard/share/teleop_twist_keyboard/package.dsv'
[1.293s] INFO:colcon.colcon_core.shell:Creating package script '/home/cobaltboy/ROS2/ROS_Task_InterIIT_Tech/install/teleop_twist_keyboard/share/teleop_twist_keyboard/package.sh'
[1.293s] INFO:colcon.colcon_core.shell:Creating package script '/home/cobaltboy/ROS2/ROS_Task_InterIIT_Tech/install/teleop_twist_keyboard/share/teleop_twist_keyboard/package.bash'
[1.293s] INFO:colcon.colcon_core.shell:Creating package script '/home/cobaltboy/ROS2/ROS_Task_InterIIT_Tech/install/teleop_twist_keyboard/share/teleop_twist_keyboard/package.zsh'
[1.294s] Level 1:colcon.colcon_core.environment:create_file_with_runtime_dependencies(/home/cobaltboy/ROS2/ROS_Task_InterIIT_Tech/install/teleop_twist_keyboard/share/colcon-core/packages/teleop_twist_keyboard)
[1.294s] DEBUG:colcon.colcon_parallel_executor.executor.parallel:closing loop
[1.294s] DEBUG:colcon.colcon_parallel_executor.executor.parallel:loop closed
[1.294s] DEBUG:colcon.colcon_parallel_executor.executor.parallel:run_until_complete finished with '0'
[1.294s] DEBUG:colcon.colcon_core.event_reactor:joining thread
[1.299s] INFO:colcon.colcon_core.plugin_system:Skipping extension 'colcon_notification.desktop_notification.terminal_notifier': Not used on non-Darwin systems
[1.299s] INFO:colcon.colcon_core.plugin_system:Skipping extension 'colcon_notification.desktop_notification.win32': Not used on non-Windows systems
[1.299s] INFO:colcon.colcon_notification.desktop_notification:Sending desktop notification using 'notify2'
[1.312s] DEBUG:colcon.colcon_core.event_reactor:joined thread
[1.312s] INFO:colcon.colcon_core.shell:Creating prefix script '/home/cobaltboy/ROS2/ROS_Task_InterIIT_Tech/install/local_setup.ps1'
[1.313s] INFO:colcon.colcon_core.shell:Creating prefix util module '/home/cobaltboy/ROS2/ROS_Task_InterIIT_Tech/install/_local_setup_util_ps1.py'
[1.315s] INFO:colcon.colcon_core.shell:Creating prefix chain script '/home/cobaltboy/ROS2/ROS_Task_InterIIT_Tech/install/setup.ps1'
[1.317s] INFO:colcon.colcon_core.shell:Creating prefix script '/home/cobaltboy/ROS2/ROS_Task_InterIIT_Tech/install/local_setup.sh'
[1.317s] INFO:colcon.colcon_core.shell:Creating prefix util module '/home/cobaltboy/ROS2/ROS_Task_InterIIT_Tech/install/_local_setup_util_sh.py'
[1.318s] INFO:colcon.colcon_core.shell:Creating prefix chain script '/home/cobaltboy/ROS2/ROS_Task_InterIIT_Tech/install/setup.sh'
[1.319s] INFO:colcon.colcon_core.shell:Creating prefix script '/home/cobaltboy/ROS2/ROS_Task_InterIIT_Tech/install/local_setup.bash'
[1.320s] INFO:colcon.colcon_core.shell:Creating prefix chain script '/home/cobaltboy/ROS2/ROS_Task_InterIIT_Tech/install/setup.bash'
[1.321s] INFO:colcon.colcon_core.shell:Creating prefix script '/home/cobaltboy/ROS2/ROS_Task_InterIIT_Tech/install/local_setup.zsh'
[1.321s] INFO:colcon.colcon_core.shell:Creating prefix chain script '/home/cobaltboy/ROS2/ROS_Task_InterIIT_Tech/install/setup.zsh'
