[0.796s] Invoking command in '/home/cobaltboy/ROS2/ROS_Task_InterIIT_Tech/src/motor_controller': PYTHONPATH=/home/cobaltboy/ROS2/ROS_Task_InterIIT_Tech/build/motor_controller/prefix_override:/usr/lib/python3/dist-packages/colcon_core/task/python/colcon_distutils_commands:/home/cobaltboy/ROS2/ROS_Task_InterIIT_Tech/install/motor_controller/lib/python3.10/site-packages:${PYTHONPATH} /usr/bin/python3 -W ignore:setup.py install is deprecated setup.py egg_info --egg-base ../../build/motor_controller build --build-base /home/cobaltboy/ROS2/ROS_Task_InterIIT_Tech/build/motor_controller/build install --record /home/cobaltboy/ROS2/ROS_Task_InterIIT_Tech/build/motor_controller/install.log --single-version-externally-managed install_data
[0.997s] running egg_info
[0.998s] creating ../../build/motor_controller/motor_controller.egg-info
[0.998s] writing ../../build/motor_controller/motor_controller.egg-info/PKG-INFO
[0.998s] writing dependency_links to ../../build/motor_controller/motor_controller.egg-info/dependency_links.txt
[0.999s] writing entry points to ../../build/motor_controller/motor_controller.egg-info/entry_points.txt
[0.999s] writing requirements to ../../build/motor_controller/motor_controller.egg-info/requires.txt
[0.999s] writing top-level names to ../../build/motor_controller/motor_controller.egg-info/top_level.txt
[0.999s] writing manifest file '../../build/motor_controller/motor_controller.egg-info/SOURCES.txt'
[1.000s] reading manifest file '../../build/motor_controller/motor_controller.egg-info/SOURCES.txt'
[1.001s] writing manifest file '../../build/motor_controller/motor_controller.egg-info/SOURCES.txt'
[1.001s] running build
[1.001s] running build_py
[1.001s] creating /home/cobaltboy/ROS2/ROS_Task_InterIIT_Tech/build/motor_controller/build
[1.001s] creating /home/cobaltboy/ROS2/ROS_Task_InterIIT_Tech/build/motor_controller/build/lib
[1.001s] creating /home/cobaltboy/ROS2/ROS_Task_InterIIT_Tech/build/motor_controller/build/lib/motor_controller
[1.001s] copying motor_controller/__init__.py -> /home/cobaltboy/ROS2/ROS_Task_InterIIT_Tech/build/motor_controller/build/lib/motor_controller
[1.001s] running install
[1.002s] running install_lib
[1.002s] creating /home/cobaltboy/ROS2/ROS_Task_InterIIT_Tech/install/motor_controller/lib/python3.10/site-packages/motor_controller
[1.003s] copying /home/cobaltboy/ROS2/ROS_Task_InterIIT_Tech/build/motor_controller/build/lib/motor_controller/__init__.py -> /home/cobaltboy/ROS2/ROS_Task_InterIIT_Tech/install/motor_controller/lib/python3.10/site-packages/motor_controller
[1.003s] byte-compiling /home/cobaltboy/ROS2/ROS_Task_InterIIT_Tech/install/motor_controller/lib/python3.10/site-packages/motor_controller/__init__.py to __init__.cpython-310.pyc
[1.003s] running install_data
[1.003s] creating /home/cobaltboy/ROS2/ROS_Task_InterIIT_Tech/install/motor_controller/share/ament_index
[1.003s] creating /home/cobaltboy/ROS2/ROS_Task_InterIIT_Tech/install/motor_controller/share/ament_index/resource_index
[1.003s] creating /home/cobaltboy/ROS2/ROS_Task_InterIIT_Tech/install/motor_controller/share/ament_index/resource_index/packages
[1.003s] copying resource/motor_controller -> /home/cobaltboy/ROS2/ROS_Task_InterIIT_Tech/install/motor_controller/share/ament_index/resource_index/packages
[1.003s] copying package.xml -> /home/cobaltboy/ROS2/ROS_Task_InterIIT_Tech/install/motor_controller/share/motor_controller
[1.003s] running install_egg_info
[1.005s] Copying ../../build/motor_controller/motor_controller.egg-info to /home/cobaltboy/ROS2/ROS_Task_InterIIT_Tech/install/motor_controller/lib/python3.10/site-packages/motor_controller-0.0.0-py3.10.egg-info
[1.006s] running install_scripts
[1.028s] writing list of installed files to '/home/cobaltboy/ROS2/ROS_Task_InterIIT_Tech/build/motor_controller/install.log'
[1.064s] Invoked command in '/home/cobaltboy/ROS2/ROS_Task_InterIIT_Tech/src/motor_controller' returned '0': PYTHONPATH=/home/cobaltboy/ROS2/ROS_Task_InterIIT_Tech/build/motor_controller/prefix_override:/usr/lib/python3/dist-packages/colcon_core/task/python/colcon_distutils_commands:/home/cobaltboy/ROS2/ROS_Task_InterIIT_Tech/install/motor_controller/lib/python3.10/site-packages:${PYTHONPATH} /usr/bin/python3 -W ignore:setup.py install is deprecated setup.py egg_info --egg-base ../../build/motor_controller build --build-base /home/cobaltboy/ROS2/ROS_Task_InterIIT_Tech/build/motor_controller/build install --record /home/cobaltboy/ROS2/ROS_Task_InterIIT_Tech/build/motor_controller/install.log --single-version-externally-managed install_data
