[0.723s] Invoking command in '/home/cobaltboy/ROS2/ROS_Task_InterIIT_Tech/src/teleop_twist_keyboard': PYTHONPATH=/home/cobaltboy/ROS2/ROS_Task_InterIIT_Tech/build/teleop_twist_keyboard/prefix_override:/usr/lib/python3/dist-packages/colcon_core/task/python/colcon_distutils_commands:/home/cobaltboy/ROS2/ROS_Task_InterIIT_Tech/install/teleop_twist_keyboard/lib/python3.10/site-packages:${PYTHONPATH} /usr/bin/python3 -W ignore:setup.py install is deprecated setup.py egg_info --egg-base ../../build/teleop_twist_keyboard build --build-base /home/cobaltboy/ROS2/ROS_Task_InterIIT_Tech/build/teleop_twist_keyboard/build install --record /home/cobaltboy/ROS2/ROS_Task_InterIIT_Tech/build/teleop_twist_keyboard/install.log --single-version-externally-managed install_data
[0.911s] running egg_info
[0.912s] writing ../../build/teleop_twist_keyboard/teleop_twist_keyboard.egg-info/PKG-INFO
[0.912s] writing dependency_links to ../../build/teleop_twist_keyboard/teleop_twist_keyboard.egg-info/dependency_links.txt
[0.913s] writing entry points to ../../build/teleop_twist_keyboard/teleop_twist_keyboard.egg-info/entry_points.txt
[0.913s] writing requirements to ../../build/teleop_twist_keyboard/teleop_twist_keyboard.egg-info/requires.txt
[0.913s] writing top-level names to ../../build/teleop_twist_keyboard/teleop_twist_keyboard.egg-info/top_level.txt
[0.915s] reading manifest file '../../build/teleop_twist_keyboard/teleop_twist_keyboard.egg-info/SOURCES.txt'
[0.915s] adding license file 'LICENSE'
[0.916s] writing manifest file '../../build/teleop_twist_keyboard/teleop_twist_keyboard.egg-info/SOURCES.txt'
[0.916s] running build
[0.916s] running build_py
[0.916s] running install
[0.917s] running install_lib
[0.918s] running install_data
[0.918s] running install_egg_info
[0.920s] removing '/home/cobaltboy/ROS2/ROS_Task_InterIIT_Tech/install/teleop_twist_keyboard/lib/python3.10/site-packages/teleop_twist_keyboard-2.4.0-py3.10.egg-info' (and everything under it)
[0.921s] Copying ../../build/teleop_twist_keyboard/teleop_twist_keyboard.egg-info to /home/cobaltboy/ROS2/ROS_Task_InterIIT_Tech/install/teleop_twist_keyboard/lib/python3.10/site-packages/teleop_twist_keyboard-2.4.0-py3.10.egg-info
[0.922s] running install_scripts
[0.939s] Installing teleop_twist_keyboard script to /home/cobaltboy/ROS2/ROS_Task_InterIIT_Tech/install/teleop_twist_keyboard/lib/teleop_twist_keyboard
[0.940s] writing list of installed files to '/home/cobaltboy/ROS2/ROS_Task_InterIIT_Tech/build/teleop_twist_keyboard/install.log'
[0.974s] Invoked command in '/home/cobaltboy/ROS2/ROS_Task_InterIIT_Tech/src/teleop_twist_keyboard' returned '0': PYTHONPATH=/home/cobaltboy/ROS2/ROS_Task_InterIIT_Tech/build/teleop_twist_keyboard/prefix_override:/usr/lib/python3/dist-packages/colcon_core/task/python/colcon_distutils_commands:/home/cobaltboy/ROS2/ROS_Task_InterIIT_Tech/install/teleop_twist_keyboard/lib/python3.10/site-packages:${PYTHONPATH} /usr/bin/python3 -W ignore:setup.py install is deprecated setup.py egg_info --egg-base ../../build/teleop_twist_keyboard build --build-base /home/cobaltboy/ROS2/ROS_Task_InterIIT_Tech/build/teleop_twist_keyboard/build install --record /home/cobaltboy/ROS2/ROS_Task_InterIIT_Tech/build/teleop_twist_keyboard/install.log --single-version-externally-managed install_data
