[0.728s] Invoking command in '/home/cobaltboy/ROS2/ROS_Task_InterIIT_Tech/src/motor_controller': PYTHONPATH=/home/cobaltboy/ROS2/ROS_Task_InterIIT_Tech/build/motor_controller/prefix_override:/usr/lib/python3/dist-packages/colcon_core/task/python/colcon_distutils_commands:/home/cobaltboy/ROS2/ROS_Task_InterIIT_Tech/install/motor_controller/lib/python3.10/site-packages:${PYTHONPATH} /usr/bin/python3 -W ignore:setup.py install is deprecated setup.py egg_info --egg-base ../../build/motor_controller build --build-base /home/cobaltboy/ROS2/ROS_Task_InterIIT_Tech/build/motor_controller/build install --record /home/cobaltboy/ROS2/ROS_Task_InterIIT_Tech/build/motor_controller/install.log --single-version-externally-managed install_data
[0.916s] running egg_info
[0.917s] writing ../../build/motor_controller/motor_controller.egg-info/PKG-INFO
[0.917s] writing dependency_links to ../../build/motor_controller/motor_controller.egg-info/dependency_links.txt
[0.918s] writing entry points to ../../build/motor_controller/motor_controller.egg-info/entry_points.txt
[0.918s] writing requirements to ../../build/motor_controller/motor_controller.egg-info/requires.txt
[0.918s] writing top-level names to ../../build/motor_controller/motor_controller.egg-info/top_level.txt
[0.919s] reading manifest file '../../build/motor_controller/motor_controller.egg-info/SOURCES.txt'
[0.920s] writing manifest file '../../build/motor_controller/motor_controller.egg-info/SOURCES.txt'
[0.920s] running build
[0.920s] running build_py
[0.921s] copying motor_controller/operatorNode.py -> /home/cobaltboy/ROS2/ROS_Task_InterIIT_Tech/build/motor_controller/build/lib/motor_controller
[0.921s] running install
[0.921s] running install_lib
[0.921s] copying /home/cobaltboy/ROS2/ROS_Task_InterIIT_Tech/build/motor_controller/build/lib/motor_controller/operatorNode.py -> /home/cobaltboy/ROS2/ROS_Task_InterIIT_Tech/install/motor_controller/lib/python3.10/site-packages/motor_controller
[0.922s] byte-compiling /home/cobaltboy/ROS2/ROS_Task_InterIIT_Tech/install/motor_controller/lib/python3.10/site-packages/motor_controller/operatorNode.py to operatorNode.cpython-310.pyc
[0.922s] running install_data
[0.922s] running install_egg_info
[0.924s] removing '/home/cobaltboy/ROS2/ROS_Task_InterIIT_Tech/install/motor_controller/lib/python3.10/site-packages/motor_controller-0.0.0-py3.10.egg-info' (and everything under it)
[0.924s] Copying ../../build/motor_controller/motor_controller.egg-info to /home/cobaltboy/ROS2/ROS_Task_InterIIT_Tech/install/motor_controller/lib/python3.10/site-packages/motor_controller-0.0.0-py3.10.egg-info
[0.925s] running install_scripts
[0.942s] Installing operatorNode script to /home/cobaltboy/ROS2/ROS_Task_InterIIT_Tech/install/motor_controller/lib/motor_controller
[0.943s] writing list of installed files to '/home/cobaltboy/ROS2/ROS_Task_InterIIT_Tech/build/motor_controller/install.log'
[0.972s] Invoked command in '/home/cobaltboy/ROS2/ROS_Task_InterIIT_Tech/src/motor_controller' returned '0': PYTHONPATH=/home/cobaltboy/ROS2/ROS_Task_InterIIT_Tech/build/motor_controller/prefix_override:/usr/lib/python3/dist-packages/colcon_core/task/python/colcon_distutils_commands:/home/cobaltboy/ROS2/ROS_Task_InterIIT_Tech/install/motor_controller/lib/python3.10/site-packages:${PYTHONPATH} /usr/bin/python3 -W ignore:setup.py install is deprecated setup.py egg_info --egg-base ../../build/motor_controller build --build-base /home/cobaltboy/ROS2/ROS_Task_InterIIT_Tech/build/motor_controller/build install --record /home/cobaltboy/ROS2/ROS_Task_InterIIT_Tech/build/motor_controller/install.log --single-version-externally-managed install_data
