[0.105s] DEBUG:colcon:Command line arguments: ['/usr/bin/colcon', 'list', '-p', '--base-paths', '/home/cobaltboy/ROS2/ROS_Task_InterIIT_Tech']
[0.105s] DEBUG:colcon:Parsed command line arguments: Namespace(log_base=None, log_level=None, verb_name='list', build_base='build', ignore_user_meta=False, metas=['./colcon.meta'], base_paths=['/home/cobaltboy/ROS2/ROS_Task_InterIIT_Tech'], packages_ignore=None, packages_ignore_regex=None, paths=None, packages_up_to=None, packages_up_to_regex=None, packages_above=None, packages_above_and_dependencies=None, packages_above_depth=None, packages_select_by_dep=None, packages_skip_by_dep=None, packages_skip_up_to=None, packages_select_build_failed=False, packages_skip_build_finished=False, packages_select_test_failures=False, packages_skip_test_passed=False, packages_select=None, packages_skip=None, packages_select_regex=None, packages_skip_regex=None, packages_start=None, packages_end=None, allow_overriding=[], topological_order=False, names_only=False, paths_only=True, topological_graph=False, topological_graph_dot=False, topological_graph_density=False, topological_graph_legend=False, topological_graph_dot_cluster=False, topological_graph_dot_include_skipped=False, verb_parser=<colcon_defaults.argument_parser.defaults.DefaultArgumentsDecorator object at 0x70006f2ac9d0>, verb_extension=<colcon_package_information.verb.list.ListVerb object at 0x70006f3b57e0>, main=<bound method ListVerb.main of <colcon_package_information.verb.list.ListVerb object at 0x70006f3b57e0>>)
[0.263s] Level 1:colcon.colcon_core.package_discovery:discover_packages(colcon_meta) check parameters
[0.263s] Level 1:colcon.colcon_core.package_discovery:discover_packages(recursive) check parameters
[0.263s] Level 1:colcon.colcon_core.package_discovery:discover_packages(ignore) check parameters
[0.263s] Level 1:colcon.colcon_core.package_discovery:discover_packages(path) check parameters
[0.263s] Level 1:colcon.colcon_core.package_discovery:discover_packages(recursive) discover
[0.263s] INFO:colcon.colcon_core.package_discovery:Crawling recursively for packages in '/home/cobaltboy/ROS2/ROS_Task_InterIIT_Tech'
[0.263s] Level 1:colcon.colcon_core.package_identification:_identify(/home/cobaltboy/ROS2/ROS_Task_InterIIT_Tech) by extensions ['ignore', 'ignore_ament_install']
[0.263s] Level 1:colcon.colcon_core.package_identification:_identify(/home/cobaltboy/ROS2/ROS_Task_InterIIT_Tech) by extension 'ignore'
[0.263s] Level 1:colcon.colcon_core.package_identification:_identify(/home/cobaltboy/ROS2/ROS_Task_InterIIT_Tech) by extension 'ignore_ament_install'
[0.264s] Level 1:colcon.colcon_core.package_identification:_identify(/home/cobaltboy/ROS2/ROS_Task_InterIIT_Tech) by extensions ['colcon_pkg']
[0.264s] Level 1:colcon.colcon_core.package_identification:_identify(/home/cobaltboy/ROS2/ROS_Task_InterIIT_Tech) by extension 'colcon_pkg'
[0.264s] Level 1:colcon.colcon_core.package_identification:_identify(/home/cobaltboy/ROS2/ROS_Task_InterIIT_Tech) by extensions ['colcon_meta']
[0.264s] Level 1:colcon.colcon_core.package_identification:_identify(/home/cobaltboy/ROS2/ROS_Task_InterIIT_Tech) by extension 'colcon_meta'
[0.264s] Level 1:colcon.colcon_core.package_identification:_identify(/home/cobaltboy/ROS2/ROS_Task_InterIIT_Tech) by extensions ['ros']
[0.264s] Level 1:colcon.colcon_core.package_identification:_identify(/home/cobaltboy/ROS2/ROS_Task_InterIIT_Tech) by extension 'ros'
[0.276s] Level 1:colcon.colcon_core.package_identification:_identify(/home/cobaltboy/ROS2/ROS_Task_InterIIT_Tech) by extensions ['cmake', 'python']
[0.276s] Level 1:colcon.colcon_core.package_identification:_identify(/home/cobaltboy/ROS2/ROS_Task_InterIIT_Tech) by extension 'cmake'
[0.276s] Level 1:colcon.colcon_core.package_identification:_identify(/home/cobaltboy/ROS2/ROS_Task_InterIIT_Tech) by extension 'python'
[0.276s] Level 1:colcon.colcon_core.package_identification:_identify(/home/cobaltboy/ROS2/ROS_Task_InterIIT_Tech) by extensions ['python_setup_py']
[0.276s] Level 1:colcon.colcon_core.package_identification:_identify(/home/cobaltboy/ROS2/ROS_Task_InterIIT_Tech) by extension 'python_setup_py'
[0.277s] Level 1:colcon.colcon_core.package_identification:_identify(/home/cobaltboy/ROS2/ROS_Task_InterIIT_Tech/build) by extensions ['ignore', 'ignore_ament_install']
[0.277s] Level 1:colcon.colcon_core.package_identification:_identify(/home/cobaltboy/ROS2/ROS_Task_InterIIT_Tech/build) by extension 'ignore'
[0.277s] Level 1:colcon.colcon_core.package_identification:_identify(/home/cobaltboy/ROS2/ROS_Task_InterIIT_Tech/build) ignored
[0.277s] Level 1:colcon.colcon_core.package_identification:_identify(/home/cobaltboy/ROS2/ROS_Task_InterIIT_Tech/install) by extensions ['ignore', 'ignore_ament_install']
[0.277s] Level 1:colcon.colcon_core.package_identification:_identify(/home/cobaltboy/ROS2/ROS_Task_InterIIT_Tech/install) by extension 'ignore'
[0.277s] Level 1:colcon.colcon_core.package_identification:_identify(/home/cobaltboy/ROS2/ROS_Task_InterIIT_Tech/install) ignored
[0.277s] Level 1:colcon.colcon_core.package_identification:_identify(/home/cobaltboy/ROS2/ROS_Task_InterIIT_Tech/log) by extensions ['ignore', 'ignore_ament_install']
[0.277s] Level 1:colcon.colcon_core.package_identification:_identify(/home/cobaltboy/ROS2/ROS_Task_InterIIT_Tech/log) by extension 'ignore'
[0.277s] Level 1:colcon.colcon_core.package_identification:_identify(/home/cobaltboy/ROS2/ROS_Task_InterIIT_Tech/log) ignored
[0.277s] Level 1:colcon.colcon_core.package_identification:_identify(/home/cobaltboy/ROS2/ROS_Task_InterIIT_Tech/src) by extensions ['ignore', 'ignore_ament_install']
[0.277s] Level 1:colcon.colcon_core.package_identification:_identify(/home/cobaltboy/ROS2/ROS_Task_InterIIT_Tech/src) by extension 'ignore'
[0.277s] Level 1:colcon.colcon_core.package_identification:_identify(/home/cobaltboy/ROS2/ROS_Task_InterIIT_Tech/src) by extension 'ignore_ament_install'
[0.277s] Level 1:colcon.colcon_core.package_identification:_identify(/home/cobaltboy/ROS2/ROS_Task_InterIIT_Tech/src) by extensions ['colcon_pkg']
[0.278s] Level 1:colcon.colcon_core.package_identification:_identify(/home/cobaltboy/ROS2/ROS_Task_InterIIT_Tech/src) by extension 'colcon_pkg'
[0.278s] Level 1:colcon.colcon_core.package_identification:_identify(/home/cobaltboy/ROS2/ROS_Task_InterIIT_Tech/src) by extensions ['colcon_meta']
[0.278s] Level 1:colcon.colcon_core.package_identification:_identify(/home/cobaltboy/ROS2/ROS_Task_InterIIT_Tech/src) by extension 'colcon_meta'
[0.278s] Level 1:colcon.colcon_core.package_identification:_identify(/home/cobaltboy/ROS2/ROS_Task_InterIIT_Tech/src) by extensions ['ros']
[0.278s] Level 1:colcon.colcon_core.package_identification:_identify(/home/cobaltboy/ROS2/ROS_Task_InterIIT_Tech/src) by extension 'ros'
[0.278s] Level 1:colcon.colcon_core.package_identification:_identify(/home/cobaltboy/ROS2/ROS_Task_InterIIT_Tech/src) by extensions ['cmake', 'python']
[0.278s] Level 1:colcon.colcon_core.package_identification:_identify(/home/cobaltboy/ROS2/ROS_Task_InterIIT_Tech/src) by extension 'cmake'
[0.278s] Level 1:colcon.colcon_core.package_identification:_identify(/home/cobaltboy/ROS2/ROS_Task_InterIIT_Tech/src) by extension 'python'
[0.278s] Level 1:colcon.colcon_core.package_identification:_identify(/home/cobaltboy/ROS2/ROS_Task_InterIIT_Tech/src) by extensions ['python_setup_py']
[0.278s] Level 1:colcon.colcon_core.package_identification:_identify(/home/cobaltboy/ROS2/ROS_Task_InterIIT_Tech/src) by extension 'python_setup_py'
[0.278s] Level 1:colcon.colcon_core.package_identification:_identify(/home/cobaltboy/ROS2/ROS_Task_InterIIT_Tech/src/motor_controller) by extensions ['ignore', 'ignore_ament_install']
[0.278s] Level 1:colcon.colcon_core.package_identification:_identify(/home/cobaltboy/ROS2/ROS_Task_InterIIT_Tech/src/motor_controller) by extension 'ignore'
[0.278s] Level 1:colcon.colcon_core.package_identification:_identify(/home/cobaltboy/ROS2/ROS_Task_InterIIT_Tech/src/motor_controller) by extension 'ignore_ament_install'
[0.278s] Level 1:colcon.colcon_core.package_identification:_identify(/home/cobaltboy/ROS2/ROS_Task_InterIIT_Tech/src/motor_controller) by extensions ['colcon_pkg']
[0.278s] Level 1:colcon.colcon_core.package_identification:_identify(/home/cobaltboy/ROS2/ROS_Task_InterIIT_Tech/src/motor_controller) by extension 'colcon_pkg'
[0.278s] Level 1:colcon.colcon_core.package_identification:_identify(/home/cobaltboy/ROS2/ROS_Task_InterIIT_Tech/src/motor_controller) by extensions ['colcon_meta']
[0.278s] Level 1:colcon.colcon_core.package_identification:_identify(/home/cobaltboy/ROS2/ROS_Task_InterIIT_Tech/src/motor_controller) by extension 'colcon_meta'
[0.278s] Level 1:colcon.colcon_core.package_identification:_identify(/home/cobaltboy/ROS2/ROS_Task_InterIIT_Tech/src/motor_controller) by extensions ['ros']
[0.278s] Level 1:colcon.colcon_core.package_identification:_identify(/home/cobaltboy/ROS2/ROS_Task_InterIIT_Tech/src/motor_controller) by extension 'ros'
[0.282s] DEBUG:colcon.colcon_core.package_identification:Package '/home/cobaltboy/ROS2/ROS_Task_InterIIT_Tech/src/motor_controller' with type 'ros.ament_python' and name 'motor_controller'
[0.282s] Level 1:colcon.colcon_core.package_discovery:discover_packages(recursive) using defaults
